{"/Users/ashurman/Documents/GitHub/fiap-project/database-managed-infra/src/app.controller.ts": {"path":"/Users/ashurman/Documents/GitHub/fiap-project/database-managed-infra/src/app.controller.ts","statementMap":{"0":{"start":{"line":1,"column":0},"end":{"line":1,"column":49}},"1":{"start":{"line":3,"column":0},"end":{"line":3,"column":43}},"2":{"start":{"line":9,"column":7},"end":{"line":24,"column":null}},"3":{"start":{"line":14,"column":31},"end":{"line":14,"column":43}},"4":{"start":{"line":22,"column":4},"end":{"line":22,"column":38}},"5":{"start":{"line":9,"column":13},"end":{"line":9,"column":26}},"6":{"start":{"line":21,"column":2},"end":{"line":23,"column":null}},"7":{"start":{"line":9,"column":13},"end":{"line":24,"column":null}}},"fnMap":{"0":{"name":"(anonymous_2)","decl":{"start":{"line":14,"column":2},"end":{"line":14,"column":31}},"loc":{"start":{"line":14,"column":53},"end":{"line":14,"column":57}}},"1":{"name":"(anonymous_3)","decl":{"start":{"line":21,"column":2},"end":{"line":21,"column":10}},"loc":{"start":{"line":21,"column":10},"end":{"line":23,"column":3}}}},"branchMap":{"0":{"loc":{"start":{"line":14,"column":43},"end":{"line":14,"column":56}},"type":"cond-expr","locations":[{"start":{"line":14,"column":53},"end":{"line":14,"column":56}},{"start":{"line":14,"column":53},"end":{"line":14,"column":56}}]},"1":{"loc":{"start":{"line":14,"column":43},"end":{"line":14,"column":53}},"type":"binary-expr","locations":[{"start":{"line":14,"column":43},"end":{"line":14,"column":56}},{"start":{"line":14,"column":43},"end":{"line":14,"column":53}}]}},"s":{"0":1,"1":1,"2":1,"3":1,"4":1,"5":1,"6":1,"7":1},"f":{"0":1,"1":1},"b":{"0":[1,0],"1":[1,1]}}
,"/Users/ashurman/Documents/GitHub/fiap-project/database-managed-infra/src/app.module.ts": {"path":"/Users/ashurman/Documents/GitHub/fiap-project/database-managed-infra/src/app.module.ts","statementMap":{"0":{"start":{"line":1,"column":0},"end":{"line":1,"column":40}},"1":{"start":{"line":3,"column":0},"end":{"line":3,"column":49}},"2":{"start":{"line":4,"column":0},"end":{"line":4,"column":43}},"3":{"start":{"line":14,"column":7},"end":{"line":14,"column":null}},"4":{"start":{"line":14,"column":13},"end":{"line":14,"column":22}},"5":{"start":{"line":14,"column":13},"end":{"line":14,"column":null}}},"fnMap":{},"branchMap":{},"s":{"0":0,"1":0,"2":0,"3":0,"4":0,"5":0},"f":{},"b":{}}
,"/Users/ashurman/Documents/GitHub/fiap-project/database-managed-infra/src/app.service.ts": {"path":"/Users/ashurman/Documents/GitHub/fiap-project/database-managed-infra/src/app.service.ts","statementMap":{"0":{"start":{"line":1,"column":0},"end":{"line":1,"column":44}},"1":{"start":{"line":7,"column":7},"end":{"line":15,"column":null}},"2":{"start":{"line":13,"column":4},"end":{"line":13,"column":26}},"3":{"start":{"line":7,"column":13},"end":{"line":7,"column":23}},"4":{"start":{"line":7,"column":13},"end":{"line":15,"column":null}}},"fnMap":{"0":{"name":"(anonymous_1)","decl":{"start":{"line":12,"column":2},"end":{"line":12,"column":10}},"loc":{"start":{"line":12,"column":10},"end":{"line":14,"column":3}}}},"branchMap":{},"s":{"0":1,"1":1,"2":1,"3":1,"4":1},"f":{"0":1},"b":{}}
,"/Users/ashurman/Documents/GitHub/fiap-project/database-managed-infra/src/main.ts": {"path":"/Users/ashurman/Documents/GitHub/fiap-project/database-managed-infra/src/main.ts","statementMap":{"0":{"start":{"line":1,"column":0},"end":{"line":1,"column":43}},"1":{"start":{"line":3,"column":0},"end":{"line":3,"column":41}},"2":{"start":{"line":6,"column":14},"end":{"line":6,"column":49}},"3":{"start":{"line":7,"column":2},"end":{"line":7,"column":45}},"4":{"start":{"line":9,"column":0},"end":{"line":9,"column":12}}},"fnMap":{"0":{"name":"bootstrap","decl":{"start":{"line":5,"column":15},"end":{"line":5,"column":24}},"loc":{"start":{"line":5,"column":24},"end":{"line":8,"column":1}}}},"branchMap":{"0":{"loc":{"start":{"line":7,"column":19},"end":{"line":7,"column":43}},"type":"binary-expr","locations":[{"start":{"line":7,"column":19},"end":{"line":7,"column":35}},{"start":{"line":7,"column":39},"end":{"line":7,"column":43}}]}},"s":{"0":0,"1":0,"2":0,"3":0,"4":0},"f":{"0":0},"b":{"0":[0,0]}}
,"/Users/ashurman/Documents/GitHub/fiap-project/database-managed-infra/src/__tests__/app.e2e-spec.ts": {"path":"/Users/ashurman/Documents/GitHub/fiap-project/database-managed-infra/src/__tests__/app.e2e-spec.ts","statementMap":{"0":{"start":{"line":2,"column":0},"end":{"line":2,"column":54}},"1":{"start":{"line":3,"column":0},"end":{"line":3,"column":32}},"2":{"start":{"line":5,"column":0},"end":{"line":5,"column":42}},"3":{"start":{"line":7,"column":0},"end":{"line":25,"column":3}},"4":{"start":{"line":10,"column":2},"end":{"line":17,"column":5}},"5":{"start":{"line":11,"column":41},"end":{"line":13,"column":16}},"6":{"start":{"line":15,"column":4},"end":{"line":15,"column":48}},"7":{"start":{"line":16,"column":4},"end":{"line":16,"column":21}},"8":{"start":{"line":19,"column":2},"end":{"line":24,"column":5}},"9":{"start":{"line":20,"column":4},"end":{"line":23,"column":30}}},"fnMap":{"0":{"name":"(anonymous_1)","decl":{"start":{"line":7,"column":32},"end":{"line":7,"column":35}},"loc":{"start":{"line":7,"column":37},"end":{"line":25,"column":1}}},"1":{"name":"(anonymous_2)","decl":{"start":{"line":10,"column":13},"end":{"line":10,"column":18}},"loc":{"start":{"line":10,"column":24},"end":{"line":17,"column":3}}},"2":{"name":"(anonymous_3)","decl":{"start":{"line":19,"column":16},"end":{"line":19,"column":19}},"loc":{"start":{"line":19,"column":21},"end":{"line":24,"column":3}}}},"branchMap":{},"s":{"0":0,"1":0,"2":0,"3":0,"4":0,"5":0,"6":0,"7":0,"8":0,"9":0},"f":{"0":0,"1":0,"2":0},"b":{}}
}
